   ▲ Next.js 14.1.0
   - Environments: .env.local

   Creating an optimized production build ...
Failed to compile.

./src/app/dashboard/page.tsx
Error: 
  [31mx[0m Unexpected token `div`. Expected jsx identifier
    ,-[[36;1;4mD:\poss\src\app\dashboard\page.tsx[0m:24:1]
 [2m24[0m |   }
 [2m25[0m | 
 [2m26[0m |   return (
 [2m27[0m |     <div className="min-h-screen bg-dark-slate bg-with-logo">
    : [31;1m     ^^^[0m
 [2m28[0m |       <header className="bg-dark-card border-b border-gray-800">
 [2m29[0m |         <div className="max-w-7xl mx-auto px-4 sm:px-6 lg:px-8">
 [2m29[0m |           <div className="flex justify-between items-center h-16">
    `----

Caused by:
    Syntax Error

Import trace for requested module:
./src/app/dashboard/page.tsx


> Build failed because of webpack errors
