   ▲ Next.js 14.1.0
   - Environments: .env.local

   Creating an optimized production build ...
 ✓ Compiled successfully
   Linting and checking validity of types ...
   Collecting page data ...
   Generating static pages (0/7) ...
   Generating static pages (1/7) 
   Generating static pages (3/7) 
   Generating static pages (5/7) 
 ✓ Generating static pages (7/7) 
   Finalizing page optimization ...
   Collecting build traces ...

Route (app)                              Size     First Load JS
┌ ○ /                                    565 B          84.7 kB
├ ○ /_not-found                          882 B          85.1 kB
├ ○ /dashboard                           3.28 kB        87.5 kB
├ ○ /login                               2.29 kB        93.3 kB
└ ○ /register                            3.25 kB        94.3 kB
+ First Load JS shared by all            84.2 kB
  ├ chunks/69-d622d382381cad7a.js        28.9 kB
  ├ chunks/fd9d1056-4703218115d8f9a7.js  53.4 kB
  └ other shared chunks (total)          1.9 kB


○  (Static)  prerendered as static content

